
╔═══════════════════════════════════════════════════════════════════════╗
║         COMPREHENSIVE MOVIE DATA COMPLETENESS AUDIT                   ║
╚═══════════════════════════════════════════════════════════════════════╝

  Loading all movies from database...

    Loaded 1000 movies...
    Loaded 2000 movies...
    Loaded 3000 movies...
    Loaded 4000 movies...
    Loaded 5000 movies...
    Loaded 6000 movies...
    Loaded 7000 movies...
    Loaded 7404 movies...
  ✓ Loaded 7,404 movies total

  Loading editorial reviews...

  ✓ Loaded 1000 reviews

  Analyzing data completeness across 9 sections...


  Generating reports...

  ✓ Summary saved: ./docs/manual-review/MOVIE-DATA-AUDIT-SUMMARY.md
  ✓ CSV saved: ./docs/manual-review/MISSING-DATA-BY-SECTION.csv
  ✓ Priority queue saved: ./docs/manual-review/PRIORITY-FIX-QUEUE.json

╔═══════════════════════════════════════════════════════════════════════╗
║                   AUDIT COMPLETE                                      ║
╚═══════════════════════════════════════════════════════════════════════╝

  Total Movies:             7,404
  Overall Health:           FAIR ⚠️
  
  Critical Fixes Needed:    0
  High Priority Fixes:      164
  
  Reports Generated:
  ✓ MOVIE-DATA-AUDIT-SUMMARY.md
  ✓ MISSING-DATA-BY-SECTION.csv
  ✓ PRIORITY-FIX-QUEUE.json
  
  Duration: 8.0s
  
  ✅ Comprehensive audit complete!


