
🎬 Batch Celebrity Profile Enrichment

Mode: EXECUTE
Min movies: 1

Found 558 celebrities to process

551 celebrities have 1+ movies

[1/551] A Kodandarami Reddy           ✓ 13 fields
[2/551] A. Chandra                    ✓ 13 fields
[3/551] A. Karunakaran                ✓ 12 fields
[4/551] A. S. A. Sami                 ✓ 9 fields
[5/551] Aadhi Pinisetty               ✓ 12 fields
[6/551] Aadi                          ✓ 9 fields
[7/551] Aadi Saikumar                 ✓ 9 fields
[8/551] Aamani                        ✓ 9 fields
[9/551] Aarthi Agarwal                ✓ 12 fields
[10/551] Abbas                         ✓ 9 fields
[11/551] Abhirami                      ✓ 16 fields
[12/551] Aditi Rao Hydari              ✓ 11 fields
[13/551] Adivi Sesh                    ✓ 8 fields
[14/551] Adurthi Subba Rao             ✓ 8 fields
[15/551] Aishwarya Rai Bachchan        ✓ 9 fields
[16/551] Aishwarya Rajesh              ✓ 13 fields
[17/551] Ajay                          ✓ 9 fields
[18/551] Ajay Ghosh                    ✓ 9 fields
[19/551] Akhil Akkineni                ✓ 13 fields
[20/551] Akkineni Nagarjuna            ✓ 9 fields
[21/551] Akkineni Nageswara Rao        ✓ 11 fields
[22/551] Aksha Pardasany               ✓ 10 fields
[23/551] Ali                           ✓ 9 fields
[24/551] Ali Basha                     ✓ 13 fields
[25/551] Allari Naresh                 ✓ 9 fields
[26/551] Allu                          ✓ 9 fields
[27/551] Allu Arjun                    ✓ 9 fields
[28/551] Allu Rama Lingaiah            ✓ 9 fields
[29/551] Allu Sirish                   ✓ 12 fields
[30/551] Amala                         ✓ 9 fields
[31/551] Amala Akkineni                ✓ 9 fields
[32/551] Amritha Aiyer                 ✓ 10 fields
[33/551] Amulya                        ✓ 8 fields
[34/551] Anand Deverakonda             ✓ 13 fields
[35/551] Anandhi                       ✓ 13 fields
[36/551] Ananya Nagalla                ✓ 12 fields
[37/551] Anasuya Bharadwaj             ✓ 12 fields
[38/551] Anil Ravipudi                 ✓ 7 fields
[39/551] Anisha Ambrose                ✓ 12 fields
[40/551] Anjali                        ✓ 9 fields
[41/551] Anjali Devi                   ✓ 9 fields
